<?xml version="1.0" encoding="UTF-8"?>
<!-- Generated by org.testng.reporters.JUnitXMLReporter -->
<testsuite ignored="0" hostname="SundarrajR" failures="0" tests="2" name="Test" time="1.955" errors="0" timestamp="2024-05-06T18:29:34 IST">
  <testcase classname="com.ecom.tests.BasicTests" name="@BeforeMethod setUp" time="1.662">
    <failure type="java.lang.Exception" message="Propery name re is not found. Please check the config.properties">
      <![CDATA[java.lang.Exception: Propery name re is not found. Please check the config.properties
at com.ecom.utils.ConfigReader.getValue(ConfigReader.java:22)
at com.ecom.driver.DriverStarterFinisher.initDriver(DriverStarterFinisher.java:20)
at com.ecom.tests.BasicTests.setUp(BasicTests.java:20)
at java.base/java.util.concurrent.Executors$RunnableAdapter.call(Executors.java:572)
at java.base/java.util.concurrent.FutureTask.run(FutureTask.java:317)
at java.base/java.util.concurrent.ThreadPoolExecutor.runWorker(ThreadPoolExecutor.java:1144)
at java.base/java.util.concurrent.ThreadPoolExecutor$Worker.run(ThreadPoolExecutor.java:642)
at java.base/java.lang.Thread.run(Thread.java:1583)
... Removed 15 stack frames]]>
    </failure>
  </testcase> <!-- @BeforeMethod setUp -->
  <testcase classname="com.ecom.tests.BasicTests" name="@AfterMethod tearDown" time="0.0">
    <skipped/>
  </testcase> <!-- @AfterMethod tearDown -->
  <testcase classname="com.ecom.tests.BasicTests" name="@BeforeMethod setUp" time="1.897">
    <failure type="java.lang.Exception" message="Propery name re is not found. Please check the config.properties">
      <![CDATA[java.lang.Exception: Propery name re is not found. Please check the config.properties
at com.ecom.utils.ConfigReader.getValue(ConfigReader.java:22)
at com.ecom.driver.DriverStarterFinisher.initDriver(DriverStarterFinisher.java:20)
at com.ecom.tests.BasicTests.setUp(BasicTests.java:20)
at java.base/java.util.concurrent.Executors$RunnableAdapter.call(Executors.java:572)
at java.base/java.util.concurrent.FutureTask.run(FutureTask.java:317)
at java.base/java.util.concurrent.ThreadPoolExecutor.runWorker(ThreadPoolExecutor.java:1144)
at java.base/java.util.concurrent.ThreadPoolExecutor$Worker.run(ThreadPoolExecutor.java:642)
at java.base/java.lang.Thread.run(Thread.java:1583)
... Removed 15 stack frames]]>
    </failure>
  </testcase> <!-- @BeforeMethod setUp -->
  <testcase classname="com.ecom.tests.BasicTests" name="@AfterMethod tearDown" time="0.0">
    <skipped/>
  </testcase> <!-- @AfterMethod tearDown -->
  <testcase classname="com.ecom.tests.LoginPageTests" name="testOne" time="0.0">
    <skipped/>
  </testcase> <!-- testOne -->
  <testcase classname="com.ecom.tests.HomePageTests" name="testTwo" time="0.0">
    <skipped/>
  </testcase> <!-- testTwo -->
</testsuite> <!-- Test -->
